<?xml version="1.0" encoding="UTF-8"?>
<!-- Generated by org.testng.reporters.JUnitReportReporter -->
<testsuite skipped="0" hostname="DESKTOP-32TIHOV" name="automation.webServices.testScripts.TC_001" tests="1" failures="0" timestamp="01 Apr 2019 19:32:54 GMT" time="3.331" errors="0">
  <testcase name="getHomeItems" time="3.331" classname="automation.webServices.testScripts.TC_001"/>
</testsuite> <!-- automation.webServices.testScripts.TC_001 -->
